Flow report for ComputadorReBasico
Mon Feb 10 15:48:31 2020
Quartus Prime Version 16.0.0 Build 211 04/27/2016 SJ Lite Edition


---------------------
; Table of Contents ;
---------------------
  1. Legal Notice
  2. Flow Summary
  3. Flow Settings
  4. Flow Non-Default Global Settings
  5. Flow Elapsed Time
  6. Flow OS Summary
  7. Flow Log
  8. Flow Messages
  9. Flow Suppressed Messages



----------------
; Legal Notice ;
----------------
Copyright (C) 1991-2016 Altera Corporation. All rights reserved.
Your use of Altera Corporation's design tools, logic functions 
and other software and tools, and its AMPP partner logic 
functions, and any output files from any of the foregoing 
(including device programming or simulation files), and any 
associated documentation or information are expressly subject 
to the terms and conditions of the Altera Program License 
Subscription Agreement, the Altera Quartus Prime License Agreement,
the Altera MegaCore Function License Agreement, or other 
applicable license agreement, including, without limitation, 
that your use is for the sole purpose of programming logic 
devices manufactured by Altera and sold by Altera or its 
authorized distributors.  Please refer to the applicable 
agreement for further details.



+-------------------------------------------------------------------------------+
; Flow Summary                                                                  ;
+---------------------------------+---------------------------------------------+
; Flow Status                     ; Successful - Mon Feb 10 15:48:31 2020       ;
; Quartus Prime Version           ; 16.0.0 Build 211 04/27/2016 SJ Lite Edition ;
; Revision Name                   ; ComputadorReBasico                          ;
; Top-level Entity Name           ; TestMemoriaSemana4                          ;
; Family                          ; Cyclone V                                   ;
; Device                          ; 5CGXFC7C7F23C8                              ;
; Timing Models                   ; Final                                       ;
; Logic utilization (in ALMs)     ; 1 / 56,480 ( < 1 % )                        ;
; Total registers                 ; 0                                           ;
; Total pins                      ; 22 / 268 ( 8 % )                            ;
; Total virtual pins              ; 0                                           ;
; Total block memory bits         ; 512 / 7,024,640 ( < 1 % )                   ;
; Total DSP Blocks                ; 0 / 156 ( 0 % )                             ;
; Total HSSI RX PCSs              ; 0 / 6 ( 0 % )                               ;
; Total HSSI PMA RX Deserializers ; 0 / 6 ( 0 % )                               ;
; Total HSSI TX PCSs              ; 0 / 6 ( 0 % )                               ;
; Total HSSI PMA TX Serializers   ; 0 / 6 ( 0 % )                               ;
; Total PLLs                      ; 0 / 13 ( 0 % )                              ;
; Total DLLs                      ; 0 / 4 ( 0 % )                               ;
+---------------------------------+---------------------------------------------+


+-----------------------------------------+
; Flow Settings                           ;
+-------------------+---------------------+
; Option            ; Setting             ;
+-------------------+---------------------+
; Start date & time ; 02/10/2020 15:39:44 ;
; Main task         ; Compilation         ;
; Revision Name     ; ComputadorReBasico  ;
+-------------------+---------------------+


+---------------------------------------------------------------------------------------------------------------------------------+
; Flow Non-Default Global Settings                                                                                                ;
+-------------------------------------+--------------------------------+--------------------+--------------------+----------------+
; Assignment Name                     ; Value                          ; Default Value      ; Entity Name        ; Section Id     ;
+-------------------------------------+--------------------------------+--------------------+--------------------+----------------+
; COMPILER_SIGNATURE_ID               ; 35774999760717.158136718400700 ; --                 ; --                 ; --             ;
; EDA_OUTPUT_DATA_FORMAT              ; Verilog Hdl                    ; --                 ; --                 ; eda_simulation ;
; EDA_SIMULATION_TOOL                 ; ModelSim-Altera (Verilog)      ; <None>             ; --                 ; --             ;
; EDA_TIME_SCALE                      ; 1 ps                           ; --                 ; --                 ; eda_simulation ;
; MISC_FILE                           ; ProgramMemory.bsf              ; --                 ; --                 ; --             ;
; MISC_FILE                           ; ProgramMemory_inst.vhd         ; --                 ; --                 ; --             ;
; MISC_FILE                           ; ProgramMemory.inc              ; --                 ; --                 ; --             ;
; MISC_FILE                           ; ProgramMemory.cmp              ; --                 ; --                 ; --             ;
; PARTITION_COLOR                     ; 16764057                       ; --                 ; TestMemoriaSemana4 ; Top            ;
; PARTITION_FITTER_PRESERVATION_LEVEL ; PLACEMENT_AND_ROUTING          ; --                 ; TestMemoriaSemana4 ; Top            ;
; PARTITION_NETLIST_TYPE              ; SOURCE                         ; --                 ; TestMemoriaSemana4 ; Top            ;
; PROJECT_OUTPUT_DIRECTORY            ; output_files                   ; --                 ; --                 ; --             ;
; TOP_LEVEL_ENTITY                    ; TestMemoriaSemana4             ; ComputadorReBasico ; --                 ; --             ;
+-------------------------------------+--------------------------------+--------------------+--------------------+----------------+


+-------------------------------------------------------------------------------------------------------------------------------+
; Flow Elapsed Time                                                                                                             ;
+---------------------------+--------------+-------------------------+---------------------+------------------------------------+
; Module Name               ; Elapsed Time ; Average Processors Used ; Peak Virtual Memory ; Total CPU Time (on all processors) ;
+---------------------------+--------------+-------------------------+---------------------+------------------------------------+
; Analysis & Synthesis      ; 00:00:18     ; 1.0                     ; 5076 MB             ; 00:00:30                           ;
; Fitter                    ; 00:00:59     ; 1.0                     ; 6906 MB             ; 00:01:16                           ;
; Assembler                 ; 00:00:12     ; 1.0                     ; 5025 MB             ; 00:00:10                           ;
; TimeQuest Timing Analyzer ; 00:00:09     ; 1.0                     ; 5390 MB             ; 00:00:08                           ;
; EDA Netlist Writer        ; 00:00:02     ; 1.0                     ; 4931 MB             ; 00:00:02                           ;
; EDA Netlist Writer        ; 00:00:02     ; 1.0                     ; 4913 MB             ; 00:00:02                           ;
; EDA Netlist Writer        ; 00:00:01     ; 1.0                     ; 4923 MB             ; 00:00:02                           ;
; Total                     ; 00:01:43     ; --                      ; --                  ; 00:02:10                           ;
+---------------------------+--------------+-------------------------+---------------------+------------------------------------+


+----------------------------------------------------------------------------------------+
; Flow OS Summary                                                                        ;
+---------------------------+------------------+-----------+------------+----------------+
; Module Name               ; Machine Hostname ; OS Name   ; OS Version ; Processor type ;
+---------------------------+------------------+-----------+------------+----------------+
; Analysis & Synthesis      ; DESKTOP-B3H0PSP  ; Windows 8 ; 6.2        ; x86_64         ;
; Fitter                    ; DESKTOP-B3H0PSP  ; Windows 8 ; 6.2        ; x86_64         ;
; Assembler                 ; DESKTOP-B3H0PSP  ; Windows 8 ; 6.2        ; x86_64         ;
; TimeQuest Timing Analyzer ; DESKTOP-B3H0PSP  ; Windows 8 ; 6.2        ; x86_64         ;
; EDA Netlist Writer        ; DESKTOP-B3H0PSP  ; Windows 8 ; 6.2        ; x86_64         ;
; EDA Netlist Writer        ; DESKTOP-B3H0PSP  ; Windows 8 ; 6.2        ; x86_64         ;
; EDA Netlist Writer        ; DESKTOP-B3H0PSP  ; Windows 8 ; 6.2        ; x86_64         ;
+---------------------------+------------------+-----------+------------+----------------+


------------
; Flow Log ;
------------
quartus_map --read_settings_files=on --write_settings_files=off ComputadorReBasico -c ComputadorReBasico
quartus_fit --read_settings_files=off --write_settings_files=off ComputadorReBasico -c ComputadorReBasico
quartus_asm --read_settings_files=off --write_settings_files=off ComputadorReBasico -c ComputadorReBasico
quartus_sta ComputadorReBasico -c ComputadorReBasico
quartus_eda --read_settings_files=off --write_settings_files=off ComputadorReBasico -c ComputadorReBasico
quartus_eda --gen_testbench --tool=modelsim_oem --format=verilog --write_settings_files=off ComputadorReBasico -c ComputadorReBasico --vector_source="D:/uni/SIS 8/Arqui-Comp/tareas/ComputadorReBasicoTarea/WaveformTestMemorySem4.vwf" --testbench_file="D:/uni/SIS 8/Arqui-Comp/tareas/ComputadorReBasicoTarea/simulation/qsim/WaveformTestMemorySem4.vwf.vt"
quartus_eda --write_settings_files=off --functional=on --flatten_buses=off --simulation=on --tool=modelsim_oem --format=verilog --output_directory="D:/uni/SIS 8/Arqui-Comp/tareas/ComputadorReBasicoTarea/simulation/qsim/" ComputadorReBasico -c ComputadorReBasico



