Analysis & Synthesis report for ComputadorReBasico
Mon Feb 03 15:23:21 2020
Quartus Prime Version 16.0.0 Build 211 04/27/2016 SJ Lite Edition


---------------------
; Table of Contents ;
---------------------
  1. Legal Notice
  2. Analysis & Synthesis Summary
  3. Analysis & Synthesis Settings
  4. Parallel Compilation
  5. Analysis & Synthesis Source Files Read
  6. Analysis & Synthesis Resource Usage Summary
  7. Analysis & Synthesis Resource Utilization by Entity
  8. General Register Statistics
  9. Multiplexer Restructuring Statistics (Restructuring Performed)
 10. Parameter Settings for User Entity Instance: BUSMUX:inst10
 11. Post-Synthesis Netlist Statistics for Top Partition
 12. Elapsed Time Per Partition
 13. Analysis & Synthesis Messages



----------------
; Legal Notice ;
----------------
Copyright (C) 1991-2016 Altera Corporation. All rights reserved.
Your use of Altera Corporation's design tools, logic functions 
and other software and tools, and its AMPP partner logic 
functions, and any output files from any of the foregoing 
(including device programming or simulation files), and any 
associated documentation or information are expressly subject 
to the terms and conditions of the Altera Program License 
Subscription Agreement, the Altera Quartus Prime License Agreement,
the Altera MegaCore Function License Agreement, or other 
applicable license agreement, including, without limitation, 
that your use is for the sole purpose of programming logic 
devices manufactured by Altera and sold by Altera or its 
authorized distributors.  Please refer to the applicable 
agreement for further details.



+-------------------------------------------------------------------------------+
; Analysis & Synthesis Summary                                                  ;
+---------------------------------+---------------------------------------------+
; Analysis & Synthesis Status     ; Successful - Mon Feb 03 15:23:20 2020       ;
; Quartus Prime Version           ; 16.0.0 Build 211 04/27/2016 SJ Lite Edition ;
; Revision Name                   ; ComputadorReBasico                          ;
; Top-level Entity Name           ; CPU8bits                                    ;
; Family                          ; Cyclone V                                   ;
; Logic utilization (in ALMs)     ; N/A                                         ;
; Total registers                 ; 48                                          ;
; Total pins                      ; 109                                         ;
; Total virtual pins              ; 0                                           ;
; Total block memory bits         ; 0                                           ;
; Total DSP Blocks                ; 0                                           ;
; Total HSSI RX PCSs              ; 0                                           ;
; Total HSSI PMA RX Deserializers ; 0                                           ;
; Total HSSI TX PCSs              ; 0                                           ;
; Total HSSI PMA TX Serializers   ; 0                                           ;
; Total PLLs                      ; 0                                           ;
; Total DLLs                      ; 0                                           ;
+---------------------------------+---------------------------------------------+


+---------------------------------------------------------------------------------------------------------------------------+
; Analysis & Synthesis Settings                                                                                             ;
+---------------------------------------------------------------------------------+--------------------+--------------------+
; Option                                                                          ; Setting            ; Default Value      ;
+---------------------------------------------------------------------------------+--------------------+--------------------+
; Device                                                                          ; 5CGXFC7C7F23C8     ;                    ;
; Top-level entity name                                                           ; CPU8bits           ; ComputadorReBasico ;
; Family name                                                                     ; Cyclone V          ; Cyclone V          ;
; Use smart compilation                                                           ; Off                ; Off                ;
; Enable parallel Assembler and TimeQuest Timing Analyzer during compilation      ; On                 ; On                 ;
; Enable compact report table                                                     ; Off                ; Off                ;
; Restructure Multiplexers                                                        ; Auto               ; Auto               ;
; MLAB Add Timing Constraints For Mixed-Port Feed-Through Mode Setting Don't Care ; Off                ; Off                ;
; Create Debugging Nodes for IP Cores                                             ; Off                ; Off                ;
; Preserve fewer node names                                                       ; On                 ; On                 ;
; Disable OpenCore Plus hardware evaluation                                       ; Off                ; Off                ;
; Verilog Version                                                                 ; Verilog_2001       ; Verilog_2001       ;
; VHDL Version                                                                    ; VHDL_1993          ; VHDL_1993          ;
; State Machine Processing                                                        ; Auto               ; Auto               ;
; Safe State Machine                                                              ; Off                ; Off                ;
; Extract Verilog State Machines                                                  ; On                 ; On                 ;
; Extract VHDL State Machines                                                     ; On                 ; On                 ;
; Ignore Verilog initial constructs                                               ; Off                ; Off                ;
; Iteration limit for constant Verilog loops                                      ; 5000               ; 5000               ;
; Iteration limit for non-constant Verilog loops                                  ; 250                ; 250                ;
; Add Pass-Through Logic to Inferred RAMs                                         ; On                 ; On                 ;
; Infer RAMs from Raw Logic                                                       ; On                 ; On                 ;
; Parallel Synthesis                                                              ; On                 ; On                 ;
; DSP Block Balancing                                                             ; Auto               ; Auto               ;
; NOT Gate Push-Back                                                              ; On                 ; On                 ;
; Power-Up Don't Care                                                             ; On                 ; On                 ;
; Remove Redundant Logic Cells                                                    ; Off                ; Off                ;
; Remove Duplicate Registers                                                      ; On                 ; On                 ;
; Ignore CARRY Buffers                                                            ; Off                ; Off                ;
; Ignore CASCADE Buffers                                                          ; Off                ; Off                ;
; Ignore GLOBAL Buffers                                                           ; Off                ; Off                ;
; Ignore ROW GLOBAL Buffers                                                       ; Off                ; Off                ;
; Ignore LCELL Buffers                                                            ; Off                ; Off                ;
; Ignore SOFT Buffers                                                             ; On                 ; On                 ;
; Limit AHDL Integers to 32 Bits                                                  ; Off                ; Off                ;
; Optimization Technique                                                          ; Balanced           ; Balanced           ;
; Carry Chain Length                                                              ; 70                 ; 70                 ;
; Auto Carry Chains                                                               ; On                 ; On                 ;
; Auto Open-Drain Pins                                                            ; On                 ; On                 ;
; Perform WYSIWYG Primitive Resynthesis                                           ; Off                ; Off                ;
; Auto ROM Replacement                                                            ; On                 ; On                 ;
; Auto RAM Replacement                                                            ; On                 ; On                 ;
; Auto DSP Block Replacement                                                      ; On                 ; On                 ;
; Auto Shift Register Replacement                                                 ; Auto               ; Auto               ;
; Allow Shift Register Merging across Hierarchies                                 ; Auto               ; Auto               ;
; Auto Clock Enable Replacement                                                   ; On                 ; On                 ;
; Strict RAM Replacement                                                          ; Off                ; Off                ;
; Allow Synchronous Control Signals                                               ; On                 ; On                 ;
; Force Use of Synchronous Clear Signals                                          ; Off                ; Off                ;
; Auto Resource Sharing                                                           ; Off                ; Off                ;
; Allow Any RAM Size For Recognition                                              ; Off                ; Off                ;
; Allow Any ROM Size For Recognition                                              ; Off                ; Off                ;
; Allow Any Shift Register Size For Recognition                                   ; Off                ; Off                ;
; Use LogicLock Constraints during Resource Balancing                             ; On                 ; On                 ;
; Ignore translate_off and synthesis_off directives                               ; Off                ; Off                ;
; Timing-Driven Synthesis                                                         ; On                 ; On                 ;
; Report Parameter Settings                                                       ; On                 ; On                 ;
; Report Source Assignments                                                       ; On                 ; On                 ;
; Report Connectivity Checks                                                      ; On                 ; On                 ;
; Ignore Maximum Fan-Out Assignments                                              ; Off                ; Off                ;
; Synchronization Register Chain Length                                           ; 3                  ; 3                  ;
; PowerPlay Power Optimization During Synthesis                                   ; Normal compilation ; Normal compilation ;
; HDL message level                                                               ; Level2             ; Level2             ;
; Suppress Register Optimization Related Messages                                 ; Off                ; Off                ;
; Number of Removed Registers Reported in Synthesis Report                        ; 5000               ; 5000               ;
; Number of Swept Nodes Reported in Synthesis Report                              ; 5000               ; 5000               ;
; Number of Inverted Registers Reported in Synthesis Report                       ; 100                ; 100                ;
; Clock MUX Protection                                                            ; On                 ; On                 ;
; Auto Gated Clock Conversion                                                     ; Off                ; Off                ;
; Block Design Naming                                                             ; Auto               ; Auto               ;
; SDC constraint protection                                                       ; Off                ; Off                ;
; Synthesis Effort                                                                ; Auto               ; Auto               ;
; Shift Register Replacement - Allow Asynchronous Clear Signal                    ; On                 ; On                 ;
; Pre-Mapping Resynthesis Optimization                                            ; Off                ; Off                ;
; Analysis & Synthesis Message Level                                              ; Medium             ; Medium             ;
; Disable Register Merging Across Hierarchies                                     ; Auto               ; Auto               ;
; Resource Aware Inference For Block RAM                                          ; On                 ; On                 ;
; Synthesis Seed                                                                  ; 1                  ; 1                  ;
; Automatic Parallel Synthesis                                                    ; On                 ; On                 ;
; Partial Reconfiguration Bitstream ID                                            ; Off                ; Off                ;
+---------------------------------------------------------------------------------+--------------------+--------------------+


Parallel compilation was disabled, but you have multiple processors available. Enable parallel compilation to reduce compilation time.
+-------------------------------------+
; Parallel Compilation                ;
+----------------------------+--------+
; Processors                 ; Number ;
+----------------------------+--------+
; Number detected on machine ; 8      ;
; Maximum allowed            ; 1      ;
+----------------------------+--------+


+------------------------------------------------------------------------------------------------------------------------------------------------------------------------+
; Analysis & Synthesis Source Files Read                                                                                                                                 ;
+----------------------------------+-----------------+------------------------------------+--------------------------------------------------------------------+---------+
; File Name with User-Entered Path ; Used in Netlist ; File Type                          ; File Name with Absolute Path                                       ; Library ;
+----------------------------------+-----------------+------------------------------------+--------------------------------------------------------------------+---------+
; ALU8bits.bdf                     ; yes             ; User Block Diagram/Schematic File  ; D:/LabArquiLunes/LabCompLunes/ALU8bits.bdf                         ;         ;
; Register8bits.bdf                ; yes             ; User Block Diagram/Schematic File  ; D:/LabArquiLunes/LabCompLunes/Register8bits.bdf                    ;         ;
; CPU8bits.bdf                     ; yes             ; User Block Diagram/Schematic File  ; D:/LabArquiLunes/LabCompLunes/CPU8bits.bdf                         ;         ;
; muxbus61.vhd                     ; yes             ; User VHDL File                     ; D:/LabArquiLunes/LabCompLunes/muxbus61.vhd                         ;         ;
; demux81.vhd                      ; yes             ; User VHDL File                     ; D:/LabArquiLunes/LabCompLunes/demux81.vhd                          ;         ;
; 74181.bdf                        ; yes             ; Megafunction                       ; c:/altera_lite/16.0/quartus/libraries/others/maxplus2/74181.bdf    ;         ;
; 74374.bdf                        ; yes             ; Megafunction                       ; c:/altera_lite/16.0/quartus/libraries/others/maxplus2/74374.bdf    ;         ;
; busmux.tdf                       ; yes             ; Megafunction                       ; c:/altera_lite/16.0/quartus/libraries/megafunctions/busmux.tdf     ;         ;
; lpm_mux.inc                      ; yes             ; Megafunction                       ; c:/altera_lite/16.0/quartus/libraries/megafunctions/lpm_mux.inc    ;         ;
; lpm_mux.tdf                      ; yes             ; Megafunction                       ; c:/altera_lite/16.0/quartus/libraries/megafunctions/lpm_mux.tdf    ;         ;
; aglobal160.inc                   ; yes             ; Megafunction                       ; c:/altera_lite/16.0/quartus/libraries/megafunctions/aglobal160.inc ;         ;
; muxlut.inc                       ; yes             ; Megafunction                       ; c:/altera_lite/16.0/quartus/libraries/megafunctions/muxlut.inc     ;         ;
; bypassff.inc                     ; yes             ; Megafunction                       ; c:/altera_lite/16.0/quartus/libraries/megafunctions/bypassff.inc   ;         ;
; altshift.inc                     ; yes             ; Megafunction                       ; c:/altera_lite/16.0/quartus/libraries/megafunctions/altshift.inc   ;         ;
; db/mux_0kc.tdf                   ; yes             ; Auto-Generated Megafunction        ; D:/LabArquiLunes/LabCompLunes/db/mux_0kc.tdf                       ;         ;
+----------------------------------+-----------------+------------------------------------+--------------------------------------------------------------------+---------+


+----------------------------------------------------------------+
; Analysis & Synthesis Resource Usage Summary                    ;
+---------------------------------------------+------------------+
; Resource                                    ; Usage            ;
+---------------------------------------------+------------------+
; Estimate of Logic utilization (ALMs needed) ; 90               ;
;                                             ;                  ;
; Combinational ALUT usage for logic          ; 112              ;
;     -- 7 input functions                    ; 0                ;
;     -- 6 input functions                    ; 63               ;
;     -- 5 input functions                    ; 27               ;
;     -- 4 input functions                    ; 19               ;
;     -- <=3 input functions                  ; 3                ;
;                                             ;                  ;
; Dedicated logic registers                   ; 48               ;
;                                             ;                  ;
; I/O pins                                    ; 109              ;
;                                             ;                  ;
; Total DSP Blocks                            ; 0                ;
;                                             ;                  ;
; Maximum fan-out node                        ; SelOpeB[2]~input ;
; Maximum fan-out                             ; 27               ;
; Total fan-out                               ; 885              ;
; Average fan-out                             ; 2.34             ;
+---------------------------------------------+------------------+


+----------------------------------------------------------------------------------------------------------------------------------------------------------------------------------------------------------------------------+
; Analysis & Synthesis Resource Utilization by Entity                                                                                                                                                                        ;
+-----------------------------------+-------------------+--------------+-------------------+------------+------+--------------+---------------------------------------------------------------+---------------+--------------+
; Compilation Hierarchy Node        ; LC Combinationals ; LC Registers ; Block Memory Bits ; DSP Blocks ; Pins ; Virtual Pins ; Full Hierarchy Name                                           ; Entity Name   ; Library Name ;
+-----------------------------------+-------------------+--------------+-------------------+------------+------+--------------+---------------------------------------------------------------+---------------+--------------+
; |CPU8bits                         ; 112 (0)           ; 48 (0)       ; 0                 ; 0          ; 109  ; 0            ; |CPU8bits                                                     ; CPU8bits      ; work         ;
;    |ALU8bits:inst|                ; 59 (5)            ; 0 (0)        ; 0                 ; 0          ; 0    ; 0            ; |CPU8bits|ALU8bits:inst                                       ; ALU8bits      ; work         ;
;       |74181:inst1|               ; 23 (23)           ; 0 (0)        ; 0                 ; 0          ; 0    ; 0            ; |CPU8bits|ALU8bits:inst|74181:inst1                           ; 74181         ; work         ;
;       |74181:inst|                ; 31 (31)           ; 0 (0)        ; 0                 ; 0          ; 0    ; 0            ; |CPU8bits|ALU8bits:inst|74181:inst                            ; 74181         ; work         ;
;    |Register8bits:inst1|          ; 0 (0)             ; 8 (0)        ; 0                 ; 0          ; 0    ; 0            ; |CPU8bits|Register8bits:inst1                                 ; Register8bits ; work         ;
;       |74374:inst|                ; 0 (0)             ; 8 (8)        ; 0                 ; 0          ; 0    ; 0            ; |CPU8bits|Register8bits:inst1|74374:inst                      ; 74374         ; work         ;
;    |Register8bits:inst2|          ; 0 (0)             ; 8 (0)        ; 0                 ; 0          ; 0    ; 0            ; |CPU8bits|Register8bits:inst2                                 ; Register8bits ; work         ;
;       |74374:inst|                ; 0 (0)             ; 8 (8)        ; 0                 ; 0          ; 0    ; 0            ; |CPU8bits|Register8bits:inst2|74374:inst                      ; 74374         ; work         ;
;    |Register8bits:inst3|          ; 0 (0)             ; 8 (0)        ; 0                 ; 0          ; 0    ; 0            ; |CPU8bits|Register8bits:inst3                                 ; Register8bits ; work         ;
;       |74374:inst|                ; 0 (0)             ; 8 (8)        ; 0                 ; 0          ; 0    ; 0            ; |CPU8bits|Register8bits:inst3|74374:inst                      ; 74374         ; work         ;
;    |Register8bits:inst4|          ; 0 (0)             ; 8 (0)        ; 0                 ; 0          ; 0    ; 0            ; |CPU8bits|Register8bits:inst4                                 ; Register8bits ; work         ;
;       |74374:inst|                ; 0 (0)             ; 8 (8)        ; 0                 ; 0          ; 0    ; 0            ; |CPU8bits|Register8bits:inst4|74374:inst                      ; 74374         ; work         ;
;    |Register8bits:inst5|          ; 0 (0)             ; 8 (0)        ; 0                 ; 0          ; 0    ; 0            ; |CPU8bits|Register8bits:inst5                                 ; Register8bits ; work         ;
;       |74374:inst|                ; 0 (0)             ; 8 (8)        ; 0                 ; 0          ; 0    ; 0            ; |CPU8bits|Register8bits:inst5|74374:inst                      ; 74374         ; work         ;
;    |Register8bits:inst6|          ; 0 (0)             ; 8 (0)        ; 0                 ; 0          ; 0    ; 0            ; |CPU8bits|Register8bits:inst6                                 ; Register8bits ; work         ;
;       |74374:inst|                ; 0 (0)             ; 8 (8)        ; 0                 ; 0          ; 0    ; 0            ; |CPU8bits|Register8bits:inst6|74374:inst                      ; 74374         ; work         ;
;    |busmux:inst10|                ; 8 (0)             ; 0 (0)        ; 0                 ; 0          ; 0    ; 0            ; |CPU8bits|busmux:inst10                                       ; busmux        ; work         ;
;       |lpm_mux:$00000|            ; 8 (0)             ; 0 (0)        ; 0                 ; 0          ; 0    ; 0            ; |CPU8bits|busmux:inst10|lpm_mux:$00000                        ; lpm_mux       ; work         ;
;          |mux_0kc:auto_generated| ; 8 (8)             ; 0 (0)        ; 0                 ; 0          ; 0    ; 0            ; |CPU8bits|busmux:inst10|lpm_mux:$00000|mux_0kc:auto_generated ; mux_0kc       ; work         ;
;    |demux81:inst9|                ; 6 (6)             ; 0 (0)        ; 0                 ; 0          ; 0    ; 0            ; |CPU8bits|demux81:inst9                                       ; demux81       ; work         ;
;    |muxbus61:inst7|               ; 16 (16)           ; 0 (0)        ; 0                 ; 0          ; 0    ; 0            ; |CPU8bits|muxbus61:inst7                                      ; muxbus61      ; work         ;
;    |muxbus61:inst8|               ; 23 (23)           ; 0 (0)        ; 0                 ; 0          ; 0    ; 0            ; |CPU8bits|muxbus61:inst8                                      ; muxbus61      ; work         ;
+-----------------------------------+-------------------+--------------+-------------------+------------+------+--------------+---------------------------------------------------------------+---------------+--------------+
Note: For table entries with two numbers listed, the numbers in parentheses indicate the number of resources of the given type used by the specific entity alone. The numbers listed outside of parentheses indicate the total resources of the given type used by the specific entity and all of its sub-entities in the hierarchy.


+------------------------------------------------------+
; General Register Statistics                          ;
+----------------------------------------------+-------+
; Statistic                                    ; Value ;
+----------------------------------------------+-------+
; Total registers                              ; 48    ;
; Number of registers using Synchronous Clear  ; 0     ;
; Number of registers using Synchronous Load   ; 0     ;
; Number of registers using Asynchronous Clear ; 0     ;
; Number of registers using Asynchronous Load  ; 0     ;
; Number of registers using Clock Enable       ; 0     ;
; Number of registers using Preset             ; 0     ;
+----------------------------------------------+-------+


+---------------------------------------------------------------------------------------------------------------------------------------------+
; Multiplexer Restructuring Statistics (Restructuring Performed)                                                                              ;
+--------------------+-----------+---------------+----------------------+------------------------+------------+-------------------------------+
; Multiplexer Inputs ; Bus Width ; Baseline Area ; Area if Restructured ; Saving if Restructured ; Registered ; Example Multiplexer Output    ;
+--------------------+-----------+---------------+----------------------+------------------------+------------+-------------------------------+
; 8:1                ; 8 bits    ; 40 LEs        ; 32 LEs               ; 8 LEs                  ; No         ; |CPU8bits|muxbus61:inst8|Mux0 ;
; 8:1                ; 8 bits    ; 40 LEs        ; 32 LEs               ; 8 LEs                  ; No         ; |CPU8bits|muxbus61:inst7|Mux0 ;
+--------------------+-----------+---------------+----------------------+------------------------+------------+-------------------------------+


+------------------------------------------------------------+
; Parameter Settings for User Entity Instance: BUSMUX:inst10 ;
+----------------+-------+-----------------------------------+
; Parameter Name ; Value ; Type                              ;
+----------------+-------+-----------------------------------+
; WIDTH          ; 8     ; Untyped                           ;
+----------------+-------+-----------------------------------+
Note: In order to hide this table in the UI and the text report file, please set the "Show Parameter Settings in Synthesis Report" option in "Analysis and Synthesis Settings -> More Settings" to "Off".


+-----------------------------------------------------+
; Post-Synthesis Netlist Statistics for Top Partition ;
+-----------------------+-----------------------------+
; Type                  ; Count                       ;
+-----------------------+-----------------------------+
; arriav_ff             ; 48                          ;
;     plain             ; 48                          ;
; arriav_lcell_comb     ; 121                         ;
;     normal            ; 121                         ;
;         1 data inputs ; 9                           ;
;         2 data inputs ; 2                           ;
;         3 data inputs ; 1                           ;
;         4 data inputs ; 19                          ;
;         5 data inputs ; 27                          ;
;         6 data inputs ; 63                          ;
; boundary_port         ; 109                         ;
;                       ;                             ;
; Max LUT depth         ; 7.00                        ;
; Average LUT depth     ; 5.82                        ;
+-----------------------+-----------------------------+


+-------------------------------+
; Elapsed Time Per Partition    ;
+----------------+--------------+
; Partition Name ; Elapsed Time ;
+----------------+--------------+
; Top            ; 00:00:00     ;
+----------------+--------------+


+-------------------------------+
; Analysis & Synthesis Messages ;
+-------------------------------+
Info: *******************************************************************
Info: Running Quartus Prime Analysis & Synthesis
    Info: Version 16.0.0 Build 211 04/27/2016 SJ Lite Edition
    Info: Processing started: Mon Feb 03 15:23:10 2020
Info: Command: quartus_map --read_settings_files=on --write_settings_files=off ComputadorReBasico -c ComputadorReBasico
Warning (20028): Parallel compilation is not licensed and has been disabled
Info (12021): Found 1 design units, including 1 entities, in source file alu8bits.bdf
    Info (12023): Found entity 1: ALU8bits
Info (12021): Found 1 design units, including 1 entities, in source file computadorrebasico.bdf
    Info (12023): Found entity 1: ComputadorReBasico
Info (12021): Found 1 design units, including 1 entities, in source file testalu.bdf
    Info (12023): Found entity 1: testalu
Info (12021): Found 1 design units, including 1 entities, in source file register8bits.bdf
    Info (12023): Found entity 1: Register8bits
Info (12021): Found 1 design units, including 1 entities, in source file cpu8bits.bdf
    Info (12023): Found entity 1: CPU8bits
Info (12021): Found 2 design units, including 1 entities, in source file muxbus61.vhd
    Info (12022): Found design unit 1: muxbus61-arch1 File: D:/LabArquiLunes/LabCompLunes/muxbus61.vhd Line: 21
    Info (12023): Found entity 1: muxbus61 File: D:/LabArquiLunes/LabCompLunes/muxbus61.vhd Line: 5
Info (12021): Found 2 design units, including 1 entities, in source file demux81.vhd
    Info (12022): Found design unit 1: demux81-behavioral File: D:/LabArquiLunes/LabCompLunes/demux81.vhd Line: 12
    Info (12023): Found entity 1: demux81 File: D:/LabArquiLunes/LabCompLunes/demux81.vhd Line: 6
Info (12127): Elaborating entity "CPU8bits" for the top level hierarchy
Info (12128): Elaborating entity "ALU8bits" for hierarchy "ALU8bits:inst"
Info (12128): Elaborating entity "74181" for hierarchy "ALU8bits:inst|74181:inst1"
Info (12130): Elaborated megafunction instantiation "ALU8bits:inst|74181:inst1"
Info (12128): Elaborating entity "muxbus61" for hierarchy "muxbus61:inst7"
Info (12128): Elaborating entity "Register8bits" for hierarchy "Register8bits:inst4"
Info (12128): Elaborating entity "74374" for hierarchy "Register8bits:inst4|74374:inst"
Info (12130): Elaborated megafunction instantiation "Register8bits:inst4|74374:inst"
Info (12128): Elaborating entity "demux81" for hierarchy "demux81:inst9"
Info (12128): Elaborating entity "BUSMUX" for hierarchy "BUSMUX:inst10"
Info (12130): Elaborated megafunction instantiation "BUSMUX:inst10"
Info (12133): Instantiated megafunction "BUSMUX:inst10" with the following parameter:
    Info (12134): Parameter "WIDTH" = "8"
Info (12128): Elaborating entity "lpm_mux" for hierarchy "BUSMUX:inst10|lpm_mux:$00000" File: c:/altera_lite/16.0/quartus/libraries/megafunctions/busmux.tdf Line: 44
Info (12131): Elaborated megafunction instantiation "BUSMUX:inst10|lpm_mux:$00000", which is child of megafunction instantiation "BUSMUX:inst10" File: c:/altera_lite/16.0/quartus/libraries/megafunctions/busmux.tdf Line: 44
Info (12021): Found 1 design units, including 1 entities, in source file db/mux_0kc.tdf
    Info (12023): Found entity 1: mux_0kc File: D:/LabArquiLunes/LabCompLunes/db/mux_0kc.tdf Line: 23
Info (12128): Elaborating entity "mux_0kc" for hierarchy "BUSMUX:inst10|lpm_mux:$00000|mux_0kc:auto_generated" File: c:/altera_lite/16.0/quartus/libraries/megafunctions/lpm_mux.tdf Line: 87
Info (13014): Ignored 30 buffer(s)
    Info (13019): Ignored 30 SOFT buffer(s)
Warning (13044): Always-enabled tri-state buffer(s) removed
    Warning (13045): Converted the fanout from the always-enabled tri-state buffer "Register8bits:inst4|74374:inst|47" to the node "R0[7]" into a wire
    Warning (13045): Converted the fanout from the always-enabled tri-state buffer "Register8bits:inst5|74374:inst|47" to the node "R1[7]" into a wire
    Warning (13045): Converted the fanout from the always-enabled tri-state buffer "Register8bits:inst6|74374:inst|47" to the node "R2[7]" into a wire
    Warning (13045): Converted the fanout from the always-enabled tri-state buffer "Register8bits:inst1|74374:inst|47" to the node "R3[7]" into a wire
    Warning (13045): Converted the fanout from the always-enabled tri-state buffer "Register8bits:inst2|74374:inst|47" to the node "R4[7]" into a wire
    Warning (13045): Converted the fanout from the always-enabled tri-state buffer "Register8bits:inst3|74374:inst|47" to the node "R5[7]" into a wire
    Warning (13045): Converted the fanout from the always-enabled tri-state buffer "Register8bits:inst4|74374:inst|46" to the node "R0[6]" into a wire
    Warning (13045): Converted the fanout from the always-enabled tri-state buffer "Register8bits:inst5|74374:inst|46" to the node "R1[6]" into a wire
    Warning (13045): Converted the fanout from the always-enabled tri-state buffer "Register8bits:inst6|74374:inst|46" to the node "R2[6]" into a wire
    Warning (13045): Converted the fanout from the always-enabled tri-state buffer "Register8bits:inst1|74374:inst|46" to the node "R3[6]" into a wire
    Warning (13045): Converted the fanout from the always-enabled tri-state buffer "Register8bits:inst2|74374:inst|46" to the node "R4[6]" into a wire
    Warning (13045): Converted the fanout from the always-enabled tri-state buffer "Register8bits:inst3|74374:inst|46" to the node "R5[6]" into a wire
    Warning (13045): Converted the fanout from the always-enabled tri-state buffer "Register8bits:inst4|74374:inst|45" to the node "R0[5]" into a wire
    Warning (13045): Converted the fanout from the always-enabled tri-state buffer "Register8bits:inst5|74374:inst|45" to the node "R1[5]" into a wire
    Warning (13045): Converted the fanout from the always-enabled tri-state buffer "Register8bits:inst6|74374:inst|45" to the node "R2[5]" into a wire
    Warning (13045): Converted the fanout from the always-enabled tri-state buffer "Register8bits:inst1|74374:inst|45" to the node "R3[5]" into a wire
    Warning (13045): Converted the fanout from the always-enabled tri-state buffer "Register8bits:inst2|74374:inst|45" to the node "R4[5]" into a wire
    Warning (13045): Converted the fanout from the always-enabled tri-state buffer "Register8bits:inst3|74374:inst|45" to the node "R5[5]" into a wire
    Warning (13045): Converted the fanout from the always-enabled tri-state buffer "Register8bits:inst4|74374:inst|44" to the node "R0[4]" into a wire
    Warning (13045): Converted the fanout from the always-enabled tri-state buffer "Register8bits:inst5|74374:inst|44" to the node "R1[4]" into a wire
    Warning (13045): Converted the fanout from the always-enabled tri-state buffer "Register8bits:inst6|74374:inst|44" to the node "R2[4]" into a wire
    Warning (13045): Converted the fanout from the always-enabled tri-state buffer "Register8bits:inst1|74374:inst|44" to the node "R3[4]" into a wire
    Warning (13045): Converted the fanout from the always-enabled tri-state buffer "Register8bits:inst2|74374:inst|44" to the node "R4[4]" into a wire
    Warning (13045): Converted the fanout from the always-enabled tri-state buffer "Register8bits:inst3|74374:inst|44" to the node "R5[4]" into a wire
    Warning (13045): Converted the fanout from the always-enabled tri-state buffer "Register8bits:inst4|74374:inst|43" to the node "R0[3]" into a wire
    Warning (13045): Converted the fanout from the always-enabled tri-state buffer "Register8bits:inst5|74374:inst|43" to the node "R1[3]" into a wire
    Warning (13045): Converted the fanout from the always-enabled tri-state buffer "Register8bits:inst6|74374:inst|43" to the node "R2[3]" into a wire
    Warning (13045): Converted the fanout from the always-enabled tri-state buffer "Register8bits:inst1|74374:inst|43" to the node "R3[3]" into a wire
    Warning (13045): Converted the fanout from the always-enabled tri-state buffer "Register8bits:inst2|74374:inst|43" to the node "R4[3]" into a wire
    Warning (13045): Converted the fanout from the always-enabled tri-state buffer "Register8bits:inst3|74374:inst|43" to the node "R5[3]" into a wire
    Warning (13045): Converted the fanout from the always-enabled tri-state buffer "Register8bits:inst4|74374:inst|42" to the node "R0[2]" into a wire
    Warning (13045): Converted the fanout from the always-enabled tri-state buffer "Register8bits:inst5|74374:inst|42" to the node "R1[2]" into a wire
    Warning (13045): Converted the fanout from the always-enabled tri-state buffer "Register8bits:inst6|74374:inst|42" to the node "R2[2]" into a wire
    Warning (13045): Converted the fanout from the always-enabled tri-state buffer "Register8bits:inst1|74374:inst|42" to the node "R3[2]" into a wire
    Warning (13045): Converted the fanout from the always-enabled tri-state buffer "Register8bits:inst2|74374:inst|42" to the node "R4[2]" into a wire
    Warning (13045): Converted the fanout from the always-enabled tri-state buffer "Register8bits:inst3|74374:inst|42" to the node "R5[2]" into a wire
    Warning (13045): Converted the fanout from the always-enabled tri-state buffer "Register8bits:inst4|74374:inst|41" to the node "R0[1]" into a wire
    Warning (13045): Converted the fanout from the always-enabled tri-state buffer "Register8bits:inst5|74374:inst|41" to the node "R1[1]" into a wire
    Warning (13045): Converted the fanout from the always-enabled tri-state buffer "Register8bits:inst6|74374:inst|41" to the node "R2[1]" into a wire
    Warning (13045): Converted the fanout from the always-enabled tri-state buffer "Register8bits:inst1|74374:inst|41" to the node "R3[1]" into a wire
    Warning (13045): Converted the fanout from the always-enabled tri-state buffer "Register8bits:inst2|74374:inst|41" to the node "R4[1]" into a wire
    Warning (13045): Converted the fanout from the always-enabled tri-state buffer "Register8bits:inst3|74374:inst|41" to the node "R5[1]" into a wire
    Warning (13045): Converted the fanout from the always-enabled tri-state buffer "Register8bits:inst4|74374:inst|40" to the node "R0[0]" into a wire
    Warning (13045): Converted the fanout from the always-enabled tri-state buffer "Register8bits:inst5|74374:inst|40" to the node "R1[0]" into a wire
    Warning (13045): Converted the fanout from the always-enabled tri-state buffer "Register8bits:inst6|74374:inst|40" to the node "R2[0]" into a wire
    Warning (13045): Converted the fanout from the always-enabled tri-state buffer "Register8bits:inst1|74374:inst|40" to the node "R3[0]" into a wire
    Warning (13045): Converted the fanout from the always-enabled tri-state buffer "Register8bits:inst2|74374:inst|40" to the node "R4[0]" into a wire
    Warning (13045): Converted the fanout from the always-enabled tri-state buffer "Register8bits:inst3|74374:inst|40" to the node "R5[0]" into a wire
Warning (13046): Tri-state node(s) do not directly drive top-level pin(s)
    Warning (13047): Converted the fan-out from the tri-state buffer "Register8bits:inst4|74374:inst|47" to the node "muxbus61:inst8|Mux0" into an OR gate
    Warning (13047): Converted the fan-out from the tri-state buffer "Register8bits:inst5|74374:inst|47" to the node "muxbus61:inst8|Mux0" into an OR gate
    Warning (13047): Converted the fan-out from the tri-state buffer "Register8bits:inst6|74374:inst|47" to the node "muxbus61:inst8|Mux0" into an OR gate
    Warning (13047): Converted the fan-out from the tri-state buffer "Register8bits:inst1|74374:inst|47" to the node "muxbus61:inst8|Mux0" into an OR gate
    Warning (13047): Converted the fan-out from the tri-state buffer "Register8bits:inst2|74374:inst|47" to the node "muxbus61:inst8|Mux0" into an OR gate
    Warning (13047): Converted the fan-out from the tri-state buffer "Register8bits:inst3|74374:inst|47" to the node "muxbus61:inst8|Mux0" into an OR gate
    Warning (13047): Converted the fan-out from the tri-state buffer "Register8bits:inst4|74374:inst|46" to the node "muxbus61:inst8|Mux1" into an OR gate
    Warning (13047): Converted the fan-out from the tri-state buffer "Register8bits:inst5|74374:inst|46" to the node "muxbus61:inst8|Mux1" into an OR gate
    Warning (13047): Converted the fan-out from the tri-state buffer "Register8bits:inst6|74374:inst|46" to the node "muxbus61:inst8|Mux1" into an OR gate
    Warning (13047): Converted the fan-out from the tri-state buffer "Register8bits:inst1|74374:inst|46" to the node "muxbus61:inst8|Mux1" into an OR gate
    Warning (13047): Converted the fan-out from the tri-state buffer "Register8bits:inst2|74374:inst|46" to the node "muxbus61:inst8|Mux1" into an OR gate
    Warning (13047): Converted the fan-out from the tri-state buffer "Register8bits:inst3|74374:inst|46" to the node "muxbus61:inst8|Mux1" into an OR gate
    Warning (13047): Converted the fan-out from the tri-state buffer "Register8bits:inst4|74374:inst|45" to the node "muxbus61:inst8|Mux2" into an OR gate
    Warning (13047): Converted the fan-out from the tri-state buffer "Register8bits:inst5|74374:inst|45" to the node "muxbus61:inst8|Mux2" into an OR gate
    Warning (13047): Converted the fan-out from the tri-state buffer "Register8bits:inst6|74374:inst|45" to the node "muxbus61:inst8|Mux2" into an OR gate
    Warning (13047): Converted the fan-out from the tri-state buffer "Register8bits:inst1|74374:inst|45" to the node "muxbus61:inst8|Mux2" into an OR gate
    Warning (13047): Converted the fan-out from the tri-state buffer "Register8bits:inst2|74374:inst|45" to the node "muxbus61:inst8|Mux2" into an OR gate
    Warning (13047): Converted the fan-out from the tri-state buffer "Register8bits:inst3|74374:inst|45" to the node "muxbus61:inst8|Mux2" into an OR gate
    Warning (13047): Converted the fan-out from the tri-state buffer "Register8bits:inst4|74374:inst|44" to the node "muxbus61:inst8|Mux3" into an OR gate
    Warning (13047): Converted the fan-out from the tri-state buffer "Register8bits:inst5|74374:inst|44" to the node "muxbus61:inst8|Mux3" into an OR gate
    Warning (13047): Converted the fan-out from the tri-state buffer "Register8bits:inst6|74374:inst|44" to the node "muxbus61:inst8|Mux3" into an OR gate
    Warning (13047): Converted the fan-out from the tri-state buffer "Register8bits:inst1|74374:inst|44" to the node "muxbus61:inst8|Mux3" into an OR gate
    Warning (13047): Converted the fan-out from the tri-state buffer "Register8bits:inst2|74374:inst|44" to the node "muxbus61:inst8|Mux3" into an OR gate
    Warning (13047): Converted the fan-out from the tri-state buffer "Register8bits:inst3|74374:inst|44" to the node "muxbus61:inst8|Mux3" into an OR gate
    Warning (13047): Converted the fan-out from the tri-state buffer "Register8bits:inst4|74374:inst|43" to the node "muxbus61:inst8|Mux4" into an OR gate
    Warning (13047): Converted the fan-out from the tri-state buffer "Register8bits:inst5|74374:inst|43" to the node "muxbus61:inst8|Mux4" into an OR gate
    Warning (13047): Converted the fan-out from the tri-state buffer "Register8bits:inst6|74374:inst|43" to the node "muxbus61:inst8|Mux4" into an OR gate
    Warning (13047): Converted the fan-out from the tri-state buffer "Register8bits:inst1|74374:inst|43" to the node "muxbus61:inst8|Mux4" into an OR gate
    Warning (13047): Converted the fan-out from the tri-state buffer "Register8bits:inst2|74374:inst|43" to the node "muxbus61:inst8|Mux4" into an OR gate
    Warning (13047): Converted the fan-out from the tri-state buffer "Register8bits:inst3|74374:inst|43" to the node "muxbus61:inst8|Mux4" into an OR gate
    Warning (13047): Converted the fan-out from the tri-state buffer "Register8bits:inst4|74374:inst|42" to the node "muxbus61:inst8|Mux5" into an OR gate
    Warning (13047): Converted the fan-out from the tri-state buffer "Register8bits:inst5|74374:inst|42" to the node "muxbus61:inst8|Mux5" into an OR gate
    Warning (13047): Converted the fan-out from the tri-state buffer "Register8bits:inst6|74374:inst|42" to the node "muxbus61:inst8|Mux5" into an OR gate
    Warning (13047): Converted the fan-out from the tri-state buffer "Register8bits:inst1|74374:inst|42" to the node "muxbus61:inst8|Mux5" into an OR gate
    Warning (13047): Converted the fan-out from the tri-state buffer "Register8bits:inst2|74374:inst|42" to the node "muxbus61:inst8|Mux5" into an OR gate
    Warning (13047): Converted the fan-out from the tri-state buffer "Register8bits:inst3|74374:inst|42" to the node "muxbus61:inst8|Mux5" into an OR gate
    Warning (13047): Converted the fan-out from the tri-state buffer "Register8bits:inst4|74374:inst|41" to the node "muxbus61:inst8|Mux6" into an OR gate
    Warning (13047): Converted the fan-out from the tri-state buffer "Register8bits:inst5|74374:inst|41" to the node "muxbus61:inst8|Mux6" into an OR gate
    Warning (13047): Converted the fan-out from the tri-state buffer "Register8bits:inst6|74374:inst|41" to the node "muxbus61:inst8|Mux6" into an OR gate
    Warning (13047): Converted the fan-out from the tri-state buffer "Register8bits:inst1|74374:inst|41" to the node "muxbus61:inst8|Mux6" into an OR gate
    Warning (13047): Converted the fan-out from the tri-state buffer "Register8bits:inst2|74374:inst|41" to the node "muxbus61:inst8|Mux6" into an OR gate
    Warning (13047): Converted the fan-out from the tri-state buffer "Register8bits:inst3|74374:inst|41" to the node "muxbus61:inst8|Mux6" into an OR gate
    Warning (13047): Converted the fan-out from the tri-state buffer "Register8bits:inst4|74374:inst|40" to the node "muxbus61:inst8|Mux7" into an OR gate
    Warning (13047): Converted the fan-out from the tri-state buffer "Register8bits:inst5|74374:inst|40" to the node "muxbus61:inst8|Mux7" into an OR gate
    Warning (13047): Converted the fan-out from the tri-state buffer "Register8bits:inst6|74374:inst|40" to the node "muxbus61:inst8|Mux7" into an OR gate
    Warning (13047): Converted the fan-out from the tri-state buffer "Register8bits:inst1|74374:inst|40" to the node "muxbus61:inst8|Mux7" into an OR gate
    Warning (13047): Converted the fan-out from the tri-state buffer "Register8bits:inst2|74374:inst|40" to the node "muxbus61:inst8|Mux7" into an OR gate
    Warning (13047): Converted the fan-out from the tri-state buffer "Register8bits:inst3|74374:inst|40" to the node "muxbus61:inst8|Mux7" into an OR gate
Info (286030): Timing-Driven Synthesis is running
Info (16010): Generating hard_block partition "hard_block:auto_generated_inst"
    Info (16011): Adding 0 node(s), including 0 DDIO, 0 PLL, 0 transceiver and 0 LCELL
Info (21057): Implemented 269 device resources after synthesis - the final resource count might be different
    Info (21058): Implemented 25 input pins
    Info (21059): Implemented 84 output pins
    Info (21061): Implemented 160 logic cells
Info: Quartus Prime Analysis & Synthesis was successful. 0 errors, 99 warnings
    Info: Peak virtual memory: 5072 megabytes
    Info: Processing ended: Mon Feb 03 15:23:21 2020
    Info: Elapsed time: 00:00:11
    Info: Total CPU time (on all processors): 00:00:21


